0 info it worked if it ends with ok
1 verbose cli [ 'C:\\Program Files (x86)\\nodejs\\node.exe',
1 verbose cli   'C:\\Program Files (x86)\\nodejs\\node_modules\\npm\\bin\\npm-cli.js',
1 verbose cli   'install' ]
2 info using npm@3.3.12
3 info using node@v5.5.0
4 silly loadCurrentTree Starting
5 silly install loadCurrentTree
6 silly install readLocalPackageData
7 silly install normalizeTree
8 silly loadCurrentTree Finishing
9 silly loadIdealTree Starting
10 silly install loadIdealTree
11 silly cloneCurrentTree Starting
12 silly install cloneCurrentTreeToIdealTree
13 silly cloneCurrentTree Finishing
14 silly loadShrinkwrap Starting
15 silly install loadShrinkwrap
16 silly loadShrinkwrap Finishing
17 silly loadAllDepsIntoIdealTree Starting
18 silly install loadAllDepsIntoIdealTree
19 silly fetchNamedPackageData undersocre
20 silly mapToRegistry name undersocre
21 silly mapToRegistry using default registry
22 silly mapToRegistry registry http://registry.npmjs.org/
23 silly mapToRegistry uri http://registry.npmjs.org/undersocre
24 verbose request uri http://registry.npmjs.org/undersocre
25 verbose request no auth needed
26 info attempt registry request try #1 at 02:19:39
27 verbose request id a6d5f3a7648ba772
28 http request GET http://registry.npmjs.org/undersocre
29 http 404 http://registry.npmjs.org/undersocre
30 verbose headers { 'content-type': 'application/json',
30 verbose headers   'cache-control': 'max-age=0',
30 verbose headers   'content-length': '2',
30 verbose headers   'accept-ranges': 'bytes',
30 verbose headers   date: 'Sun, 24 Apr 2016 19:49:40 GMT',
30 verbose headers   via: '1.1 varnish',
30 verbose headers   age: '0',
30 verbose headers   connection: 'keep-alive',
30 verbose headers   'x-served-by': 'cache-hkg6827-HKG',
30 verbose headers   'x-cache': 'MISS',
30 verbose headers   'x-cache-hits': '0',
30 verbose headers   'x-timer': 'S1461527379.761296,VS0,VE749',
30 verbose headers   vary: 'Accept-Encoding' }
31 silly get cb [ 404,
31 silly get   { 'content-type': 'application/json',
31 silly get     'cache-control': 'max-age=0',
31 silly get     'content-length': '2',
31 silly get     'accept-ranges': 'bytes',
31 silly get     date: 'Sun, 24 Apr 2016 19:49:40 GMT',
31 silly get     via: '1.1 varnish',
31 silly get     age: '0',
31 silly get     connection: 'keep-alive',
31 silly get     'x-served-by': 'cache-hkg6827-HKG',
31 silly get     'x-cache': 'MISS',
31 silly get     'x-cache-hits': '0',
31 silly get     'x-timer': 'S1461527379.761296,VS0,VE749',
31 silly get     vary: 'Accept-Encoding' } ]
32 silly fetchPackageMetaData Error: Registry returned 404 for GET on http://registry.npmjs.org/undersocre
32 silly fetchPackageMetaData     at makeError (C:\Program Files (x86)\nodejs\node_modules\npm\node_modules\npm-registry-client\lib\request.js:264:12)
32 silly fetchPackageMetaData     at CachingRegistryClient.<anonymous> (C:\Program Files (x86)\nodejs\node_modules\npm\node_modules\npm-registry-client\lib\request.js:242:14)
32 silly fetchPackageMetaData     at Request._callback (C:\Program Files (x86)\nodejs\node_modules\npm\node_modules\npm-registry-client\lib\request.js:172:14)
32 silly fetchPackageMetaData     at Request.self.callback (C:\Program Files (x86)\nodejs\node_modules\npm\node_modules\request\request.js:198:22)
32 silly fetchPackageMetaData     at emitTwo (events.js:100:13)
32 silly fetchPackageMetaData     at Request.emit (events.js:185:7)
32 silly fetchPackageMetaData     at Request.<anonymous> (C:\Program Files (x86)\nodejs\node_modules\npm\node_modules\request\request.js:1082:10)
32 silly fetchPackageMetaData     at emitOne (events.js:95:20)
32 silly fetchPackageMetaData     at Request.emit (events.js:182:7)
32 silly fetchPackageMetaData     at IncomingMessage.<anonymous> (C:\Program Files (x86)\nodejs\node_modules\npm\node_modules\request\request.js:1009:12)
32 silly fetchPackageMetaData  error for undersocre@^1.8.3 { [Error: Registry returned 404 for GET on http://registry.npmjs.org/undersocre] pkgid: 'undersocre', statusCode: 404, code: 'E404' }
33 silly rollbackFailedOptional Starting
34 silly rollbackFailedOptional Finishing
35 silly runTopLevelLifecycles Starting
36 silly runTopLevelLifecycles Finishing
37 silly install printInstalled
38 verbose stack Error: Registry returned 404 for GET on http://registry.npmjs.org/undersocre
38 verbose stack     at makeError (C:\Program Files (x86)\nodejs\node_modules\npm\node_modules\npm-registry-client\lib\request.js:264:12)
38 verbose stack     at CachingRegistryClient.<anonymous> (C:\Program Files (x86)\nodejs\node_modules\npm\node_modules\npm-registry-client\lib\request.js:242:14)
38 verbose stack     at Request._callback (C:\Program Files (x86)\nodejs\node_modules\npm\node_modules\npm-registry-client\lib\request.js:172:14)
38 verbose stack     at Request.self.callback (C:\Program Files (x86)\nodejs\node_modules\npm\node_modules\request\request.js:198:22)
38 verbose stack     at emitTwo (events.js:100:13)
38 verbose stack     at Request.emit (events.js:185:7)
38 verbose stack     at Request.<anonymous> (C:\Program Files (x86)\nodejs\node_modules\npm\node_modules\request\request.js:1082:10)
38 verbose stack     at emitOne (events.js:95:20)
38 verbose stack     at Request.emit (events.js:182:7)
38 verbose stack     at IncomingMessage.<anonymous> (C:\Program Files (x86)\nodejs\node_modules\npm\node_modules\request\request.js:1009:12)
39 verbose statusCode 404
40 verbose pkgid undersocre
41 verbose cwd D:\Tester\Node\node-course\todo-api
42 error Windows_NT 6.1.7601
43 error argv "C:\\Program Files (x86)\\nodejs\\node.exe" "C:\\Program Files (x86)\\nodejs\\node_modules\\npm\\bin\\npm-cli.js" "install"
44 error node v5.5.0
45 error npm  v3.3.12
46 error code E404
47 error 404 Registry returned 404 for GET on http://registry.npmjs.org/undersocre
47 error 404
47 error 404 'undersocre' is not in the npm registry.
47 error 404 You should bug the author to publish it (or use the name yourself!)
47 error 404 It was specified as a dependency of 'todo-api'
47 error 404
47 error 404 Note that you can also install from a
47 error 404 tarball, folder, http url, or git url.
48 verbose exit [ 1, true ]
